<?xml version="1.0" encoding="UTF-8" ?>
<testsuite tests="2" failures="1" name="com.demo.app.TestMath" time="0.03" errors="0" skipped="0">
  <properties>
[...]
</properties>
  <testcase classname="com.demo.app.TestMath" name="com.demo.app.TestMath.testAdd" time="0.029">
    <failure message="expected: &lt;5&gt; but was: &lt;6&gt;" type="org.opentest4j.AssertionFailedError">org.opentest4j.AssertionFailedError: expected: &lt;5&gt; but was: &lt;6&gt;
	at org.junit.jupiter.api.AssertionUtils.fail(AssertionUtils.java:55)
	at org.junit.jupiter.api.AssertionUtils.failNotEqual(AssertionUtils.java:62)
	at org.junit.jupiter.api.AssertEquals.assertEquals(AssertEquals.java:150)
	at org.junit.jupiter.api.AssertEquals.assertEquals(AssertEquals.java:145)
	at org.junit.jupiter.api.Assertions.assertEquals(Assertions.java:510)
	at com.demo.app.TestMath.testAdd(TestMath.java:18)
</failure>
  </testcase>
  <testcase classname="com.demo.app.TestMath" name="com.demo.app.TestMath.testNothing" time="0.001"/>
</testsuite>